# JRE version: OpenJDK Runtime Environment (17.0.11) (build 17.0.11+0--11852314)
# Java VM: OpenJDK 64-Bit Server VM (17.0.11+0--11852314, mixed mode, tiered, compressed oops, compressed class ptrs, g1 gc, windows-amd64)
GC Precious Log:
 CPUs: 8 total, 8 available
 Memory: 7998M
 Large Page Support: Disabled
 NUMA Support: Disabled
 Compressed Oops: Enabled (32-bit)
 Heap Region Size: 1M
 Heap Min Capacity: 8M
 Heap Initial Capacity: 126M
 Heap Max Capacity: 2G
 Pre-touch: Disabled
 Parallel Workers: 8
 Concurrent Workers: 2
 Concurrent Refinement Workers: 8
 Periodic GC: Disabled
Heap:
 garbage-first heap   total 279552K, used 182219K [0x0000000080000000, 0x0000000100000000)
  region size 1024K, 6 young (6144K), 6 survivors (6144K)
 Metaspace       used 121780K, committed 122496K, reserved 1179648K
  class space    used 17062K, committed 17408K, reserved 1048576K
GC Heap History (20 events):
Event: 28.127 GC heap after
{Heap after GC invocations=62 (full 0):
 garbage-first heap   total 165888K, used 109987K [0x0000000080000000, 0x0000000100000000)
  region size 1024K, 5 young (5120K), 5 survivors (5120K)
 Metaspace       used 105752K, committed 106496K, reserved 1179648K
  class space    used 14532K, committed 14912K, reserved 1048576K
}
Event: 28.698 GC heap before
{Heap before GC invocations=62 (full 0):
 garbage-first heap   total 165888K, used 136611K [0x0000000080000000, 0x0000000100000000)
  region size 1024K, 32 young (32768K), 5 survivors (5120K)
 Metaspace       used 106868K, committed 107648K, reserved 1179648K
  class space    used 14642K, committed 15040K, reserved 1048576K
}
Event: 28.706 GC heap after
{Heap after GC invocations=63 (full 0):
 garbage-first heap   total 165888K, used 112942K [0x0000000080000000, 0x0000000100000000)
  region size 1024K, 4 young (4096K), 4 survivors (4096K)
 Metaspace       used 106868K, committed 107648K, reserved 1179648K
  class space    used 14642K, committed 15040K, reserved 1048576K
}
Event: 29.075 GC heap before
{Heap before GC invocations=63 (full 0):
 garbage-first heap   total 165888K, used 137518K [0x0000000080000000, 0x0000000100000000)
  region size 1024K, 29 young (29696K), 4 survivors (4096K)
 Metaspace       used 107686K, committed 108416K, reserved 1179648K
  class space    used 14771K, committed 15104K, reserved 1048576K
}
Event: 29.082 GC heap after
{Heap after GC invocations=64 (full 0):
 garbage-first heap   total 208896K, used 116065K [0x0000000080000000, 0x0000000100000000)
  region size 1024K, 4 young (4096K), 4 survivors (4096K)
 Metaspace       used 107686K, committed 108416K, reserved 1179648K
  class space    used 14771K, committed 15104K, reserved 1048576K
}
Event: 29.867 GC heap before
{Heap before GC invocations=64 (full 0):
 garbage-first heap   total 208896K, used 166241K [0x0000000080000000, 0x0000000100000000)
  region size 1024K, 54 young (55296K), 4 survivors (4096K)
 Metaspace       used 109786K, committed 110464K, reserved 1179648K
  class space    used 15086K, committed 15424K, reserved 1048576K
}
Event: 29.929 GC heap after
{Heap after GC invocations=65 (full 0):
 garbage-first heap   total 208896K, used 123823K [0x0000000080000000, 0x0000000100000000)
  region size 1024K, 7 young (7168K), 7 survivors (7168K)
 Metaspace       used 109786K, committed 110464K, reserved 1179648K
  class space    used 15086K, committed 15424K, reserved 1048576K
}
Event: 30.592 GC heap before
{Heap before GC invocations=65 (full 0):
 garbage-first heap   total 208896K, used 167855K [0x0000000080000000, 0x0000000100000000)
  region size 1024K, 51 young (52224K), 7 survivors (7168K)
 Metaspace       used 112238K, committed 112960K, reserved 1179648K
  class space    used 15447K, committed 15808K, reserved 1048576K
}
Event: 30.605 GC heap after
{Heap after GC invocations=66 (full 0):
 garbage-first heap   total 208896K, used 130935K [0x0000000080000000, 0x0000000100000000)
  region size 1024K, 7 young (7168K), 7 survivors (7168K)
 Metaspace       used 112238K, committed 112960K, reserved 1179648K
  class space    used 15447K, committed 15808K, reserved 1048576K
}
Event: 30.949 GC heap before
{Heap before GC invocations=66 (full 0):
 garbage-first heap   total 208896K, used 168823K [0x0000000080000000, 0x0000000100000000)
  region size 1024K, 45 young (46080K), 7 survivors (7168K)
 Metaspace       used 113228K, committed 113984K, reserved 1179648K
  class space    used 15616K, committed 16000K, reserved 1048576K
}
Event: 30.968 GC heap after
{Heap after GC invocations=67 (full 0):
 garbage-first heap   total 208896K, used 138735K [0x0000000080000000, 0x0000000100000000)
  region size 1024K, 6 young (6144K), 6 survivors (6144K)
 Metaspace       used 113228K, committed 113984K, reserved 1179648K
  class space    used 15616K, committed 16000K, reserved 1048576K
}
Event: 31.390 GC heap before
{Heap before GC invocations=67 (full 0):
 garbage-first heap   total 208896K, used 170479K [0x0000000080000000, 0x0000000100000000)
  region size 1024K, 38 young (38912K), 6 survivors (6144K)
 Metaspace       used 114714K, committed 115456K, reserved 1179648K
  class space    used 15858K, committed 16256K, reserved 1048576K
}
Event: 31.412 GC heap after
{Heap after GC invocations=68 (full 0):
 garbage-first heap   total 279552K, used 144094K [0x0000000080000000, 0x0000000100000000)
  region size 1024K, 5 young (5120K), 5 survivors (5120K)
 Metaspace       used 114714K, committed 115456K, reserved 1179648K
  class space    used 15858K, committed 16256K, reserved 1048576K
}
Event: 31.887 GC heap before
{Heap before GC invocations=68 (full 0):
 garbage-first heap   total 279552K, used 217822K [0x0000000080000000, 0x0000000100000000)
  region size 1024K, 77 young (78848K), 5 survivors (5120K)
 Metaspace       used 115780K, committed 116544K, reserved 1179648K
  class space    used 15990K, committed 16384K, reserved 1048576K
}
Event: 31.925 GC heap after
{Heap after GC invocations=69 (full 0):
 garbage-first heap   total 279552K, used 155247K [0x0000000080000000, 0x0000000100000000)
  region size 1024K, 10 young (10240K), 10 survivors (10240K)
 Metaspace       used 115780K, committed 116544K, reserved 1179648K
  class space    used 15990K, committed 16384K, reserved 1048576K
}
Event: 32.474 GC heap before
{Heap before GC invocations=69 (full 0):
 garbage-first heap   total 279552K, used 217711K [0x0000000080000000, 0x0000000100000000)
  region size 1024K, 72 young (73728K), 10 survivors (10240K)
 Metaspace       used 117771K, committed 118528K, reserved 1179648K
  class space    used 16363K, committed 16768K, reserved 1048576K
}
Event: 32.510 GC heap after
{Heap after GC invocations=70 (full 0):
 garbage-first heap   total 279552K, used 165593K [0x0000000080000000, 0x0000000100000000)
  region size 1024K, 9 young (9216K), 9 survivors (9216K)
 Metaspace       used 117771K, committed 118528K, reserved 1179648K
  class space    used 16363K, committed 16768K, reserved 1048576K
}
Event: 32.796 GC heap before
{Heap before GC invocations=70 (full 0):
 garbage-first heap   total 279552K, used 223961K [0x0000000080000000, 0x0000000100000000)
  region size 1024K, 66 young (67584K), 9 survivors (9216K)
 Metaspace       used 118774K, committed 119552K, reserved 1179648K
  class space    used 16545K, committed 16896K, reserved 1048576K
}
Event: 32.824 GC heap after
{Heap after GC invocations=71 (full 0):
 garbage-first heap   total 279552K, used 176128K [0x0000000080000000, 0x0000000100000000)
  region size 1024K, 9 young (9216K), 9 survivors (9216K)
 Metaspace       used 118774K, committed 119552K, reserved 1179648K
  class space    used 16545K, committed 16896K, reserved 1048576K
}
Event: 33.317 GC heap before
{Heap before GC invocations=71 (full 0):
 garbage-first heap   total 279552K, used 226304K [0x0000000080000000, 0x0000000100000000)
  region size 1024K, 59 young (60416K), 9 survivors (9216K)
 Metaspace       used 121780K, committed 122496K, reserved 1179648K
  class space    used 17062K, committed 17408K, reserved 1048576K
}

